TN:
SF:/home/pierre/Bureau/oti alex/TP2/money_js/src/calc.js
FN:1,calc
FN:5,(anonymous_2)
FN:9,(anonymous_3)
FN:35,doComputation
FNF:4
FNH:0
FNDA:0,calc
FNDA:0,(anonymous_2)
FNDA:0,(anonymous_3)
FNDA:0,doComputation
DA:1,1
DA:2,0
DA:5,1
DA:6,0
DA:9,1
DA:10,0
DA:12,0
DA:15,0
DA:17,0
DA:18,0
DA:19,0
DA:20,0
DA:21,0
DA:22,0
DA:23,0
DA:26,0
DA:30,0
DA:35,1
DA:36,0
DA:37,0
DA:38,0
LF:21
LH:4
BRDA:18,1,0,0
BRDA:18,1,1,0
BRDA:21,2,0,0
BRDA:21,2,1,0
BRF:4
BRH:0
end_of_record
TN:
SF:/home/pierre/Bureau/oti alex/TP2/money_js/src/money.js
FN:1,(anonymous_1)
FN:2,money
FN:17,(anonymous_3)
FN:20,(anonymous_4)
FN:23,(anonymous_5)
FN:26,toString
FNF:6
FNH:5
FNDA:1,(anonymous_1)
FNDA:6,money
FNDA:7,(anonymous_3)
FNDA:9,(anonymous_4)
FNDA:4,(anonymous_5)
FNDA:0,toString
DA:1,1
DA:2,1
DA:3,6
DA:4,0
DA:6,6
DA:7,6
DA:8,0
DA:10,6
DA:13,6
DA:14,6
DA:17,1
DA:18,7
DA:20,1
DA:21,9
DA:23,1
DA:24,4
DA:26,1
DA:27,0
DA:31,1
LF:19
LH:16
BRDA:3,1,0,0
BRDA:3,1,1,6
BRDA:6,2,0,6
BRDA:6,2,1,0
BRDA:7,3,0,0
BRDA:7,3,1,6
BRDA:24,4,0,4
BRDA:24,4,1,3
BRF:8
BRH:5
end_of_record
TN:
SF:/home/pierre/Bureau/oti alex/TP2/money_js/src/money_exc.js
FN:1,DevisesIncompatibleExc
FN:6,(anonymous_2)
FN:10,ValueInfZero
FN:14,DeviseSuppTrois
FN:20,OperationSubImpossible
FN:25,(anonymous_6)
FNF:6
FNH:0
FNDA:0,DevisesIncompatibleExc
FNDA:0,(anonymous_2)
FNDA:0,ValueInfZero
FNDA:0,DeviseSuppTrois
FNDA:0,OperationSubImpossible
FNDA:0,(anonymous_6)
DA:1,1
DA:2,0
DA:6,1
DA:7,0
DA:10,1
DA:11,0
DA:14,1
DA:15,0
DA:20,1
DA:21,0
DA:25,1
DA:26,0
LF:12
LH:6
BRF:0
BRH:0
end_of_record
TN:
SF:/home/pierre/Bureau/oti alex/TP2/money_js/src/money_ops.js
FN:1,(anonymous_1)
FN:4,(anonymous_2)
FN:12,(anonymous_3)
FNF:3
FNH:0
FNDA:0,(anonymous_1)
FNDA:0,(anonymous_2)
FNDA:0,(anonymous_3)
DA:1,1
DA:4,1
DA:5,0
DA:6,0
DA:8,0
DA:12,1
DA:13,0
DA:14,0
DA:15,0
DA:16,0
DA:18,0
LF:11
LH:3
BRDA:5,1,0,0
BRDA:5,1,1,0
BRDA:13,2,0,0
BRDA:13,2,1,0
BRDA:15,3,0,0
BRDA:15,3,1,0
BRF:6
BRH:0
end_of_record
